<?xml version="1.0" encoding="UTF-8"?>
<!-- Generated by org.testng.reporters.JUnitXMLReporter -->
<testsuite ignored="0" hostname="TYSS-Praveen" failures="1" tests="6" name="Bewakoof Test" time="60.492" errors="0" timestamp="2024-12-25T20:38:52 IST">
  <testcase classname="com.qa.bk.DesktopModule.PLPTest" name="Validate_Filter_Functionality" time="10.26"/>
  <testcase classname="com.qa.bk.DesktopModule.PLPTest" name="Validate_Sort_Functionality" time="7.862">
    <skipped/>
  </testcase> <!-- Validate_Sort_Functionality -->
  <testcase classname="com.qa.bk.DesktopModule.PLPTest" name="Validate_Sort_Functionality" time="4.621">
    <skipped/>
  </testcase> <!-- Validate_Sort_Functionality -->
  <testcase classname="com.qa.bk.DesktopModule.PLPTest" name="Validate_Sort_Functionality" time="8.093">
    <failure type="org.openqa.selenium.StaleElementReferenceException" message="stale element reference: stale element not found in the current frame
  (Session info: MicrosoftEdge=131.0.2903.112)
For documentation on this error, please visit: https://selenium.dev/exceptions/#stale_element_reference
Build info: version: &amp;apos;4.8.1&amp;apos;, revision: &amp;apos;8ebccac989&amp;apos;
System info: os.name: &amp;apos;Windows 11&amp;apos;, os.arch: &amp;apos;amd64&amp;apos;, os.version: &amp;apos;10.0&amp;apos;, java.version: &amp;apos;17.0.6&amp;apos;
Driver info: org.openqa.selenium.edge.EdgeDriver
Command: [75fd746340154223d8f7d7b61eebcdf8, isElementDisplayed {id=f.BEEBADE6FAA9886A6D9F5AD4ED8D6C53.d.2B84BAFF63F352BAA7E48D9B1E309A7F.e.706}]
Capabilities {acceptInsecureCerts: false, browserName: MicrosoftEdge, browserVersion: 131.0.2903.112, fedcm:accounts: true, ms:edgeOptions: {debuggerAddress: localhost:62905}, msedge: {msedgedriverVersion: 131.0.2903.112 (16ab910a6e7..., userDataDir: C:\Users\PRAVEE~1\AppData\L...}, networkConnectionEnabled: false, pageLoadStrategy: normal, platformName: WINDOWS, proxy: Proxy(), se:cdp: ws://localhost:62905/devtoo..., se:cdpVersion: 131.0.2903.112, setWindowRect: true, strictFileInteractability: false, timeouts: {implicit: 0, pageLoad: 300000, script: 30000}, unhandledPromptBehavior: dismiss and notify, webauthn:extension:credBlob: true, webauthn:extension:largeBlob: true, webauthn:extension:minPinLength: true, webauthn:extension:prf: true, webauthn:virtualAuthenticators: true}
Element: [[EdgeDriver: MicrosoftEdge on WINDOWS (75fd746340154223d8f7d7b61eebcdf8)] -&amp;gt; xpath: //section[@class=&amp;apos;sc-cc115ed6-4 lhwfAJ&amp;apos;]]
Session ID: 75fd746340154223d8f7d7b61eebcdf8">
      <![CDATA[org.openqa.selenium.StaleElementReferenceException: stale element reference: stale element not found in the current frame
  (Session info: MicrosoftEdge=131.0.2903.112)
For documentation on this error, please visit: https://selenium.dev/exceptions/#stale_element_reference
Build info: version: '4.8.1', revision: '8ebccac989'
System info: os.name: 'Windows 11', os.arch: 'amd64', os.version: '10.0', java.version: '17.0.6'
Driver info: org.openqa.selenium.edge.EdgeDriver
Command: [75fd746340154223d8f7d7b61eebcdf8, isElementDisplayed {id=f.BEEBADE6FAA9886A6D9F5AD4ED8D6C53.d.2B84BAFF63F352BAA7E48D9B1E309A7F.e.706}]
Capabilities {acceptInsecureCerts: false, browserName: MicrosoftEdge, browserVersion: 131.0.2903.112, fedcm:accounts: true, ms:edgeOptions: {debuggerAddress: localhost:62905}, msedge: {msedgedriverVersion: 131.0.2903.112 (16ab910a6e7..., userDataDir: C:\Users\PRAVEE~1\AppData\L...}, networkConnectionEnabled: false, pageLoadStrategy: normal, platformName: WINDOWS, proxy: Proxy(), se:cdp: ws://localhost:62905/devtoo..., se:cdpVersion: 131.0.2903.112, setWindowRect: true, strictFileInteractability: false, timeouts: {implicit: 0, pageLoad: 300000, script: 30000}, unhandledPromptBehavior: dismiss and notify, webauthn:extension:credBlob: true, webauthn:extension:largeBlob: true, webauthn:extension:minPinLength: true, webauthn:extension:prf: true, webauthn:virtualAuthenticators: true}
Element: [[EdgeDriver: MicrosoftEdge on WINDOWS (75fd746340154223d8f7d7b61eebcdf8)] -> xpath: //section[@class='sc-cc115ed6-4 lhwfAJ']]
Session ID: 75fd746340154223d8f7d7b61eebcdf8
at org.openqa.selenium.remote.codec.w3c.W3CHttpResponseCodec.createException(W3CHttpResponseCodec.java:200)
at org.openqa.selenium.remote.codec.w3c.W3CHttpResponseCodec.decode(W3CHttpResponseCodec.java:133)
at org.openqa.selenium.remote.codec.w3c.W3CHttpResponseCodec.decode(W3CHttpResponseCodec.java:53)
at org.openqa.selenium.remote.HttpCommandExecutor.execute(HttpCommandExecutor.java:184)
at org.openqa.selenium.remote.service.DriverCommandExecutor.invokeExecute(DriverCommandExecutor.java:167)
at org.openqa.selenium.remote.service.DriverCommandExecutor.execute(DriverCommandExecutor.java:142)
at org.openqa.selenium.remote.RemoteWebDriver.execute(RemoteWebDriver.java:543)
at org.openqa.selenium.remote.RemoteWebElement.execute(RemoteWebElement.java:257)
at org.openqa.selenium.remote.RemoteWebElement.isDisplayed(RemoteWebElement.java:313)
at org.openqa.selenium.support.ui.ExpectedConditions$9.apply(ExpectedConditions.java:267)
at org.openqa.selenium.support.ui.ExpectedConditions$9.apply(ExpectedConditions.java:263)
at org.openqa.selenium.support.ui.FluentWait.until(FluentWait.java:208)
at com.qa.bk.DesktopModule.PLPTest.Validate_Sort_Functionality(PLPTest.java:164)
at java.base/java.util.ArrayList.forEach(ArrayList.java:1511)
... Removed 32 stack frames]]>
    </failure>
  </testcase> <!-- Validate_Sort_Functionality -->
  <testcase classname="com.qa.bk.DesktopModule.PLPTest" name="Verify_ProductName_Data_Integrity" time="0.696"/>
  <testcase classname="com.qa.bk.DesktopModule.PLPTest" name="Verify_Product_Data_Integrity_On_PLP_PDP_and_Cart" time="10.999"/>
</testsuite> <!-- Bewakoof Test -->
