<?xml version="1.0" encoding="UTF-8"?>
<!-- Generated by org.testng.reporters.JUnitXMLReporter -->
<testsuite ignored="8" hostname="TYSS-Praveen" failures="0" tests="1" name="Default test" time="0.037" errors="0" timestamp="2025-02-28T15:42:58 IST">
  <testcase classname="com.qa.bk.genericUtility.BaseClass" name="@BeforeClass setUp" time="-1.740737577935E9">
    <failure type="org.testng.TestNGException" message="
Parameter &amp;apos;browser&amp;apos; is required by BeforeClass on method setUp but has not been marked @Optional or defined
in C:\Users\Praveen B\AppData\Local\Temp\testng-eclipse-1557844681\testng-customsuite.xml">
      <![CDATA[org.testng.TestNGException: 
Parameter 'browser' is required by BeforeClass on method setUp but has not been marked @Optional or defined
in C:\Users\Praveen B\AppData\Local\Temp\testng-eclipse-1557844681\testng-customsuite.xml
at org.testng.internal.Parameters.createParams(Parameters.java:270)
at org.testng.internal.Parameters.createParametersForMethod(Parameters.java:358)
at org.testng.internal.Parameters.createParameters(Parameters.java:700)
at org.testng.internal.Parameters.createConfigurationParameters(Parameters.java:168)
at org.testng.internal.ConfigInvoker.invokeConfigurations(ConfigInvoker.java:302)
at org.testng.internal.TestMethodWorker.invokeBeforeClassMethods(TestMethodWorker.java:176)
at org.testng.internal.TestMethodWorker.run(TestMethodWorker.java:122)
at java.base/java.util.ArrayList.forEach(ArrayList.java:1511)
at org.testng.TestRunner.privateRun(TestRunner.java:794)
at org.testng.TestRunner.run(TestRunner.java:596)
at org.testng.SuiteRunner.runTest(SuiteRunner.java:377)
at org.testng.SuiteRunner.runSequentially(SuiteRunner.java:371)
at org.testng.SuiteRunner.privateRun(SuiteRunner.java:332)
at org.testng.SuiteRunner.run(SuiteRunner.java:276)
at org.testng.SuiteRunnerWorker.runSuite(SuiteRunnerWorker.java:53)
at org.testng.SuiteRunnerWorker.run(SuiteRunnerWorker.java:96)
at org.testng.TestNG.runSuitesSequentially(TestNG.java:1212)
at org.testng.TestNG.runSuitesLocally(TestNG.java:1134)
at org.testng.TestNG.runSuites(TestNG.java:1063)
at org.testng.TestNG.run(TestNG.java:1031)
at org.testng.remote.AbstractRemoteTestNG.run(AbstractRemoteTestNG.java:115)
at org.testng.remote.RemoteTestNG.initAndRun(RemoteTestNG.java:293)
at org.testng.remote.RemoteTestNG.main(RemoteTestNG.java:91)
]]>
    </failure>
  </testcase> <!-- @BeforeClass setUp -->
  <testcase classname="com.qa.bk.genericUtility.BaseClass" name="@AfterMethod am" time="-1.740737577955E9">
    <skipped/>
  </testcase> <!-- @AfterMethod am -->
  <testcase classname="com.qa.bk.genericUtility.BaseClass" name="@AfterClass ac" time="-1.740737577956E9">
    <skipped/>
  </testcase> <!-- @AfterClass ac -->
  <testcase classname="com.qa.bk.DesktopModule.PLPTest" name="Verify_MobileCovers" time="0.0">
    <skipped/>
  </testcase> <!-- Verify_MobileCovers -->
  <testcase classname="com.qa.bk.DesktopModule.PLPTest" name="Verify_Sort_Functionality" time="0.0">
    <ignored/>
  </testcase> <!-- Verify_Sort_Functionality -->
  <testcase classname="com.qa.bk.DesktopModule.PLPTest" name="Verify_InfiniteScroll_functionality" time="0.0">
    <ignored/>
  </testcase> <!-- Verify_InfiniteScroll_functionality -->
  <testcase classname="com.qa.bk.DesktopModule.PLPTest" name="Validate_Filter_Functionality" time="0.0">
    <ignored/>
  </testcase> <!-- Validate_Filter_Functionality -->
  <testcase classname="com.qa.bk.DesktopModule.PLPTest" name="Verify_SortPriceLowToHigh_functionality" time="0.0">
    <ignored/>
  </testcase> <!-- Verify_SortPriceLowToHigh_functionality -->
  <testcase classname="com.qa.bk.DesktopModule.PLPTest" name="Verify_Product_Data_Integrity_On_PLP_PDP_and_Cart" time="0.0">
    <ignored/>
  </testcase> <!-- Verify_Product_Data_Integrity_On_PLP_PDP_and_Cart -->
  <testcase classname="com.qa.bk.DesktopModule.PLPTest" name="Verify_MobileCover_functionality" time="0.0">
    <ignored/>
  </testcase> <!-- Verify_MobileCover_functionality -->
  <testcase classname="com.qa.bk.DesktopModule.PLPTest" name="Verify_ProductName_Data_Integrity" time="0.0">
    <ignored/>
  </testcase> <!-- Verify_ProductName_Data_Integrity -->
  <testcase classname="com.qa.bk.DesktopModule.PLPTest" name="Verify_SortPriceHighToLow_functionality" time="0.0">
    <ignored/>
  </testcase> <!-- Verify_SortPriceHighToLow_functionality -->
</testsuite> <!-- Default test -->
