<!DOCTYPE html PUBLIC "-//W3C//DTD XHTML 1.1//EN" "https://www.w3.org/TR/xhtml11/DTD/xhtml11.dtd">
<html xmlns="https://www.w3.org/1999/xhtml">
<head>
<meta http-equiv="content-type" content="text/html; charset=UTF-8"/>
<title>TestNG Report</title>
<style type="text/css">table {margin-bottom:10px;border-collapse:collapse;empty-cells:show}th,td {border:1px solid #009;padding:.25em .5em}th {vertical-align:bottom}td {vertical-align:top}table a {font-weight:bold}.stripe td {background-color: #E6EBF9}.num {text-align:right}.passedodd td {background-color: #3F3}.passedeven td {background-color: #0A0}.skippedodd td {background-color: #DDD}.skippedeven td {background-color: #CCC}.failedodd td,.attn {background-color: #F33}.failedeven td,.stripe .attn {background-color: #D00}.stacktrace {white-space:pre;font-family:monospace}.totop {font-size:85%;text-align:center;border-bottom:2px solid #000}.invisible {display:none}</style>
</head>
<body>
<table>
<tr><th>Test</th><th># Passed</th><th># Skipped</th><th># Retried</th><th># Failed</th><th>Time (ms)</th><th>Included Groups</th><th>Excluded Groups</th></tr>
<tr><th colspan="8">Suite</th></tr>
<tr><td><a href="#t0">Test</a></td><td class="num">7</td><td class="num">0</td><td class="num attn">3</td><td class="num">0</td><td class="num">273,649</td><td></td><td></td></tr>
</table>
<table id='summary'><thead><tr><th>Class</th><th>Method</th><th>Start</th><th>Time (ms)</th></tr></thead><tbody><tr><th colspan="4">Suite</th></tr></tbody><tbody id="t0"><tr><th colspan="4">Test &#8212; retried</th></tr><tr class="retriedeven"><td rowspan="3">com.qa.bk.DesktopModule.PLPTest</td><td><a href="#m0">Verify_Sort_Functionality</a></td><td rowspan="1">1737443983511</td><td rowspan="1">4109</td></tr><tr class="retriedeven"><td><a href="#m1">Verify_search_functionality</a></td><td rowspan="2">1737444013583</td><td rowspan="2">5684</td></tr><tr class="retriedeven"><td><a href="#m2">Verify_search_functionality</a></td></tr><tr><th colspan="4">Test &#8212; passed</th></tr><tr class="passedeven"><td rowspan="7">com.qa.bk.DesktopModule.PLPTest</td><td><a href="#m3">Validate_Filter_Functionality</a></td><td rowspan="1">1737443819330</td><td rowspan="1">10207</td></tr><tr class="passedeven"><td><a href="#m4">Verify_InfiniteScroll_functionality</a></td><td rowspan="1">1737443830026</td><td rowspan="1">26801</td></tr><tr class="passedeven"><td><a href="#m5">Verify_MobileCover_functionality</a></td><td rowspan="1">1737443857281</td><td rowspan="1">51198</td></tr><tr class="passedeven"><td><a href="#m6">Verify_ProductName_Data_Integrity</a></td><td rowspan="1">1737443909613</td><td rowspan="1">63264</td></tr><tr class="passedeven"><td><a href="#m7">Verify_Product_Data_Integrity_On_PLP_PDP_and_Cart</a></td><td rowspan="1">1737443975395</td><td rowspan="1">7544</td></tr><tr class="passedeven"><td><a href="#m8">Verify_Sort_Functionality</a></td><td rowspan="1">1737443988192</td><td rowspan="1">18021</td></tr><tr class="passedeven"><td><a href="#m9">Verify_search_functionality</a></td><td rowspan="1">1737444020135</td><td rowspan="1">60089</td></tr></tbody>
</table>
<h2>Test</h2><h3 id="m0">com.qa.bk.DesktopModule.PLPTest#Verify_Sort_Functionality</h3><table class="result"><tr><th>Exception</th></tr><tr><td><div class="stacktrace">org.openqa.selenium.StaleElementReferenceException: stale element reference: stale element not found in the current frame
  (Session info: MicrosoftEdge=132.0.2957.115)
For documentation on this error, please visit: https://selenium.dev/exceptions/#stale_element_reference
Build info: version: &apos;4.8.0&apos;, revision: &apos;267030adea&apos;
System info: os.name: &apos;Windows 11&apos;, os.arch: &apos;amd64&apos;, os.version: &apos;10.0&apos;, java.version: &apos;17.0.6&apos;
Driver info: org.openqa.selenium.edge.EdgeDriver
Command: [a32bd465c51e7b13387ff3cef1e608e7, isElementDisplayed {id=f.95C9687B34109277F2F59DCE7DACE12F.d.EC1329E812C32CDA4D14A3F5E3819D9A.e.2932}]
Capabilities {acceptInsecureCerts: false, browserName: MicrosoftEdge, browserVersion: 132.0.2957.115, fedcm:accounts: true, ms:edgeOptions: {debuggerAddress: localhost:50567}, msedge: {msedgedriverVersion: 132.0.2957.115 (f14150e8a7c..., userDataDir: C:\Users\PRAVEE~1\AppData\L...}, networkConnectionEnabled: false, pageLoadStrategy: normal, platformName: WINDOWS, proxy: Proxy(), se:cdp: ws://localhost:50567/devtoo..., se:cdpVersion: 132.0.2957.115, setWindowRect: true, strictFileInteractability: false, timeouts: {implicit: 0, pageLoad: 300000, script: 30000}, unhandledPromptBehavior: dismiss and notify, webauthn:extension:credBlob: true, webauthn:extension:largeBlob: true, webauthn:extension:minPinLength: true, webauthn:extension:prf: true, webauthn:virtualAuthenticators: true}
Element: [[EdgeDriver: MicrosoftEdge on WINDOWS (a32bd465c51e7b13387ff3cef1e608e7)] -&gt; xpath: //section[@class=&apos;sc-89d6e897-4 FQouP&apos;]]
Session ID: a32bd465c51e7b13387ff3cef1e608e7
	at org.openqa.selenium.remote.codec.w3c.W3CHttpResponseCodec.createException(W3CHttpResponseCodec.java:200)
	at org.openqa.selenium.remote.codec.w3c.W3CHttpResponseCodec.decode(W3CHttpResponseCodec.java:133)
	at org.openqa.selenium.remote.codec.w3c.W3CHttpResponseCodec.decode(W3CHttpResponseCodec.java:53)
	at org.openqa.selenium.remote.HttpCommandExecutor.execute(HttpCommandExecutor.java:184)
	at org.openqa.selenium.remote.service.DriverCommandExecutor.invokeExecute(DriverCommandExecutor.java:167)
	at org.openqa.selenium.remote.service.DriverCommandExecutor.execute(DriverCommandExecutor.java:142)
	at org.openqa.selenium.remote.RemoteWebDriver.execute(RemoteWebDriver.java:543)
	at org.openqa.selenium.remote.RemoteWebElement.execute(RemoteWebElement.java:257)
	at org.openqa.selenium.remote.RemoteWebElement.isDisplayed(RemoteWebElement.java:313)
	at org.openqa.selenium.support.ui.ExpectedConditions$9.apply(ExpectedConditions.java:267)
	at org.openqa.selenium.support.ui.ExpectedConditions$9.apply(ExpectedConditions.java:263)
	at org.openqa.selenium.support.ui.FluentWait.until(FluentWait.java:208)
	at com.qa.bk.DesktopModule.PLPTest.Verify_Sort_Functionality(PLPTest.java:139)
	at java.base/java.util.ArrayList.forEach(ArrayList.java:1511)
... Removed 32 stack frames</div></td></tr></table><p class="totop"><a href="#summary">back to summary</a></p>
<h3 id="m1">com.qa.bk.DesktopModule.PLPTest#Verify_search_functionality</h3><table class="result"><tr><th>Exception</th></tr><tr><td><div class="stacktrace">java.lang.IndexOutOfBoundsException: Index 1 out of bounds for length 1
	at java.base/jdk.internal.util.Preconditions.outOfBounds(Preconditions.java:64)
	at java.base/jdk.internal.util.Preconditions.outOfBoundsCheckIndex(Preconditions.java:70)
	at java.base/jdk.internal.util.Preconditions.checkIndex(Preconditions.java:266)
	at java.base/java.util.Objects.checkIndex(Objects.java:359)
	at java.base/java.util.ArrayList.get(ArrayList.java:427)
	at org.openqa.selenium.support.pagefactory.internal.LocatingElementListHandler.invoke(LocatingElementListHandler.java:40)
	at jdk.proxy2/jdk.proxy2.$Proxy19.get(Unknown Source)
	at com.qa.bk.DesktopModule.PLPTest.Verify_search_functionality(PLPTest.java:268)
	at java.base/java.util.ArrayList.forEach(ArrayList.java:1511)
... Removed 30 stack frames</div></td></tr></table><p class="totop"><a href="#summary">back to summary</a></p>
<h3 id="m2">com.qa.bk.DesktopModule.PLPTest#Verify_search_functionality</h3><table class="result"><tr><th>Exception</th></tr><tr><td><div class="stacktrace">java.lang.IndexOutOfBoundsException: Index 1 out of bounds for length 0
	at java.base/jdk.internal.util.Preconditions.outOfBounds(Preconditions.java:64)
	at java.base/jdk.internal.util.Preconditions.outOfBoundsCheckIndex(Preconditions.java:70)
	at java.base/jdk.internal.util.Preconditions.checkIndex(Preconditions.java:266)
	at java.base/java.util.Objects.checkIndex(Objects.java:359)
	at java.base/java.util.ArrayList.get(ArrayList.java:427)
	at org.openqa.selenium.support.pagefactory.internal.LocatingElementListHandler.invoke(LocatingElementListHandler.java:40)
	at jdk.proxy2/jdk.proxy2.$Proxy19.get(Unknown Source)
	at com.qa.bk.DesktopModule.PLPTest.Verify_search_functionality(PLPTest.java:268)
	at java.base/java.util.ArrayList.forEach(ArrayList.java:1511)
... Removed 30 stack frames</div></td></tr></table><p class="totop"><a href="#summary">back to summary</a></p>
<h3 id="m3">com.qa.bk.DesktopModule.PLPTest#Validate_Filter_Functionality</h3><table class="result"><tr><th class="invisible"/></tr></table><p class="totop"><a href="#summary">back to summary</a></p>
<h3 id="m4">com.qa.bk.DesktopModule.PLPTest#Verify_InfiniteScroll_functionality</h3><table class="result"><tr><th class="invisible"/></tr></table><p class="totop"><a href="#summary">back to summary</a></p>
<h3 id="m5">com.qa.bk.DesktopModule.PLPTest#Verify_MobileCover_functionality</h3><table class="result"><tr><th class="invisible"/></tr></table><p class="totop"><a href="#summary">back to summary</a></p>
<h3 id="m6">com.qa.bk.DesktopModule.PLPTest#Verify_ProductName_Data_Integrity</h3><table class="result"><tr><th class="invisible"/></tr></table><p class="totop"><a href="#summary">back to summary</a></p>
<h3 id="m7">com.qa.bk.DesktopModule.PLPTest#Verify_Product_Data_Integrity_On_PLP_PDP_and_Cart</h3><table class="result"><tr><th class="invisible"/></tr></table><p class="totop"><a href="#summary">back to summary</a></p>
<h3 id="m8">com.qa.bk.DesktopModule.PLPTest#Verify_Sort_Functionality</h3><table class="result"><tr><th class="invisible"/></tr></table><p class="totop"><a href="#summary">back to summary</a></p>
<h3 id="m9">com.qa.bk.DesktopModule.PLPTest#Verify_search_functionality</h3><table class="result"><tr><th class="invisible"/></tr></table><p class="totop"><a href="#summary">back to summary</a></p>
</body>
</html>
