<?xml version="1.0" encoding="UTF-8"?>
<testng-results retried="3" ignored="0" total="10" passed="7" failed="0" skipped="0">
  <reporter-output>
  </reporter-output>
  <suite started-at="2025-01-21T12:46:47 IST" name="Suite" finished-at="2025-01-21T12:51:21 IST" duration-ms="273649">
    <groups>
    </groups>
    <test started-at="2025-01-21T12:46:47 IST" name="Test" finished-at="2025-01-21T12:51:21 IST" duration-ms="273649">
      <class name="com.qa.bk.DesktopModule.PLPTest">
        <test-method is-config="true" signature="setUp(java.lang.String)[pri:0, instance:com.qa.bk.DesktopModule.PLPTest@738dc9b]" started-at="2025-01-21T12:46:48 IST" name="setUp" finished-at="2025-01-21T12:46:59 IST" duration-ms="11230" status="PASS">
          <params>
            <param index="0">
              <value>
                <![CDATA[edge]]>
              </value>
            </param>
          </params>
          <reporter-output>
          </reporter-output>
        </test-method> <!-- setUp -->
        <test-method signature="Validate_Filter_Functionality()[pri:0, instance:com.qa.bk.DesktopModule.PLPTest@738dc9b]" started-at="2025-01-21T12:46:59 IST" name="Validate_Filter_Functionality" finished-at="2025-01-21T12:47:09 IST" duration-ms="10207" status="PASS">
          <reporter-output>
          </reporter-output>
        </test-method> <!-- Validate_Filter_Functionality -->
        <test-method is-config="true" signature="am()[pri:0, instance:com.qa.bk.DesktopModule.PLPTest@738dc9b]" started-at="2025-01-21T12:47:09 IST" name="am" finished-at="2025-01-21T12:47:10 IST" duration-ms="487" status="PASS">
          <reporter-output>
          </reporter-output>
        </test-method> <!-- am -->
        <test-method signature="Verify_InfiniteScroll_functionality()[pri:0, instance:com.qa.bk.DesktopModule.PLPTest@738dc9b]" started-at="2025-01-21T12:47:10 IST" name="Verify_InfiniteScroll_functionality" finished-at="2025-01-21T12:47:36 IST" duration-ms="26801" status="PASS">
          <reporter-output>
          </reporter-output>
        </test-method> <!-- Verify_InfiniteScroll_functionality -->
        <test-method is-config="true" signature="am()[pri:0, instance:com.qa.bk.DesktopModule.PLPTest@738dc9b]" started-at="2025-01-21T12:47:36 IST" name="am" finished-at="2025-01-21T12:47:37 IST" duration-ms="454" status="PASS">
          <reporter-output>
          </reporter-output>
        </test-method> <!-- am -->
        <test-method signature="Verify_MobileCover_functionality()[pri:0, instance:com.qa.bk.DesktopModule.PLPTest@738dc9b]" started-at="2025-01-21T12:47:37 IST" name="Verify_MobileCover_functionality" finished-at="2025-01-21T12:48:28 IST" duration-ms="51198" status="PASS">
          <reporter-output>
          </reporter-output>
        </test-method> <!-- Verify_MobileCover_functionality -->
        <test-method is-config="true" signature="am()[pri:0, instance:com.qa.bk.DesktopModule.PLPTest@738dc9b]" started-at="2025-01-21T12:48:28 IST" name="am" finished-at="2025-01-21T12:48:29 IST" duration-ms="1133" status="PASS">
          <reporter-output>
          </reporter-output>
        </test-method> <!-- am -->
        <test-method signature="Verify_ProductName_Data_Integrity()[pri:0, instance:com.qa.bk.DesktopModule.PLPTest@738dc9b]" started-at="2025-01-21T12:48:29 IST" name="Verify_ProductName_Data_Integrity" finished-at="2025-01-21T12:49:32 IST" duration-ms="63264" status="PASS">
          <reporter-output>
          </reporter-output>
        </test-method> <!-- Verify_ProductName_Data_Integrity -->
        <test-method is-config="true" signature="am()[pri:0, instance:com.qa.bk.DesktopModule.PLPTest@738dc9b]" started-at="2025-01-21T12:49:32 IST" name="am" finished-at="2025-01-21T12:49:35 IST" duration-ms="2518" status="PASS">
          <reporter-output>
          </reporter-output>
        </test-method> <!-- am -->
        <test-method signature="Verify_Product_Data_Integrity_On_PLP_PDP_and_Cart()[pri:0, instance:com.qa.bk.DesktopModule.PLPTest@738dc9b]" started-at="2025-01-21T12:49:35 IST" name="Verify_Product_Data_Integrity_On_PLP_PDP_and_Cart" finished-at="2025-01-21T12:49:42 IST" duration-ms="7544" status="PASS">
          <reporter-output>
          </reporter-output>
        </test-method> <!-- Verify_Product_Data_Integrity_On_PLP_PDP_and_Cart -->
        <test-method is-config="true" signature="am()[pri:0, instance:com.qa.bk.DesktopModule.PLPTest@738dc9b]" started-at="2025-01-21T12:49:42 IST" name="am" finished-at="2025-01-21T12:49:43 IST" duration-ms="569" status="PASS">
          <reporter-output>
          </reporter-output>
        </test-method> <!-- am -->
        <test-method retried="true" signature="Verify_Sort_Functionality()[pri:0, instance:com.qa.bk.DesktopModule.PLPTest@738dc9b]" started-at="2025-01-21T12:49:43 IST" name="Verify_Sort_Functionality" finished-at="2025-01-21T12:49:47 IST" duration-ms="4109" status="SKIP">
          <exception class="org.openqa.selenium.StaleElementReferenceException">
            <message>
              <![CDATA[stale element reference: stale element not found in the current frame
  (Session info: MicrosoftEdge=132.0.2957.115)
For documentation on this error, please visit: https://selenium.dev/exceptions/#stale_element_reference
Build info: version: '4.8.0', revision: '267030adea'
System info: os.name: 'Windows 11', os.arch: 'amd64', os.version: '10.0', java.version: '17.0.6'
Driver info: org.openqa.selenium.edge.EdgeDriver
Command: [a32bd465c51e7b13387ff3cef1e608e7, isElementDisplayed {id=f.95C9687B34109277F2F59DCE7DACE12F.d.EC1329E812C32CDA4D14A3F5E3819D9A.e.2932}]
Capabilities {acceptInsecureCerts: false, browserName: MicrosoftEdge, browserVersion: 132.0.2957.115, fedcm:accounts: true, ms:edgeOptions: {debuggerAddress: localhost:50567}, msedge: {msedgedriverVersion: 132.0.2957.115 (f14150e8a7c..., userDataDir: C:\Users\PRAVEE~1\AppData\L...}, networkConnectionEnabled: false, pageLoadStrategy: normal, platformName: WINDOWS, proxy: Proxy(), se:cdp: ws://localhost:50567/devtoo..., se:cdpVersion: 132.0.2957.115, setWindowRect: true, strictFileInteractability: false, timeouts: {implicit: 0, pageLoad: 300000, script: 30000}, unhandledPromptBehavior: dismiss and notify, webauthn:extension:credBlob: true, webauthn:extension:largeBlob: true, webauthn:extension:minPinLength: true, webauthn:extension:prf: true, webauthn:virtualAuthenticators: true}
Element: [[EdgeDriver: MicrosoftEdge on WINDOWS (a32bd465c51e7b13387ff3cef1e608e7)] -> xpath: //section[@class='sc-89d6e897-4 FQouP']]
Session ID: a32bd465c51e7b13387ff3cef1e608e7]]>
            </message>
            <full-stacktrace>
              <![CDATA[org.openqa.selenium.StaleElementReferenceException: stale element reference: stale element not found in the current frame
  (Session info: MicrosoftEdge=132.0.2957.115)
For documentation on this error, please visit: https://selenium.dev/exceptions/#stale_element_reference
Build info: version: '4.8.0', revision: '267030adea'
System info: os.name: 'Windows 11', os.arch: 'amd64', os.version: '10.0', java.version: '17.0.6'
Driver info: org.openqa.selenium.edge.EdgeDriver
Command: [a32bd465c51e7b13387ff3cef1e608e7, isElementDisplayed {id=f.95C9687B34109277F2F59DCE7DACE12F.d.EC1329E812C32CDA4D14A3F5E3819D9A.e.2932}]
Capabilities {acceptInsecureCerts: false, browserName: MicrosoftEdge, browserVersion: 132.0.2957.115, fedcm:accounts: true, ms:edgeOptions: {debuggerAddress: localhost:50567}, msedge: {msedgedriverVersion: 132.0.2957.115 (f14150e8a7c..., userDataDir: C:\Users\PRAVEE~1\AppData\L...}, networkConnectionEnabled: false, pageLoadStrategy: normal, platformName: WINDOWS, proxy: Proxy(), se:cdp: ws://localhost:50567/devtoo..., se:cdpVersion: 132.0.2957.115, setWindowRect: true, strictFileInteractability: false, timeouts: {implicit: 0, pageLoad: 300000, script: 30000}, unhandledPromptBehavior: dismiss and notify, webauthn:extension:credBlob: true, webauthn:extension:largeBlob: true, webauthn:extension:minPinLength: true, webauthn:extension:prf: true, webauthn:virtualAuthenticators: true}
Element: [[EdgeDriver: MicrosoftEdge on WINDOWS (a32bd465c51e7b13387ff3cef1e608e7)] -> xpath: //section[@class='sc-89d6e897-4 FQouP']]
Session ID: a32bd465c51e7b13387ff3cef1e608e7
at java.base/jdk.internal.reflect.NativeConstructorAccessorImpl.newInstance0(Native Method)
at java.base/jdk.internal.reflect.NativeConstructorAccessorImpl.newInstance(NativeConstructorAccessorImpl.java:77)
at java.base/jdk.internal.reflect.DelegatingConstructorAccessorImpl.newInstance(DelegatingConstructorAccessorImpl.java:45)
at java.base/java.lang.reflect.Constructor.newInstanceWithCaller(Constructor.java:499)
at java.base/java.lang.reflect.Constructor.newInstance(Constructor.java:480)
at org.openqa.selenium.remote.codec.w3c.W3CHttpResponseCodec.createException(W3CHttpResponseCodec.java:200)
at org.openqa.selenium.remote.codec.w3c.W3CHttpResponseCodec.decode(W3CHttpResponseCodec.java:133)
at org.openqa.selenium.remote.codec.w3c.W3CHttpResponseCodec.decode(W3CHttpResponseCodec.java:53)
at org.openqa.selenium.remote.HttpCommandExecutor.execute(HttpCommandExecutor.java:184)
at org.openqa.selenium.remote.service.DriverCommandExecutor.invokeExecute(DriverCommandExecutor.java:167)
at org.openqa.selenium.remote.service.DriverCommandExecutor.execute(DriverCommandExecutor.java:142)
at org.openqa.selenium.remote.RemoteWebDriver.execute(RemoteWebDriver.java:543)
at org.openqa.selenium.remote.RemoteWebElement.execute(RemoteWebElement.java:257)
at org.openqa.selenium.remote.RemoteWebElement.isDisplayed(RemoteWebElement.java:313)
at org.openqa.selenium.support.ui.ExpectedConditions$9.apply(ExpectedConditions.java:267)
at org.openqa.selenium.support.ui.ExpectedConditions$9.apply(ExpectedConditions.java:263)
at org.openqa.selenium.support.ui.FluentWait.until(FluentWait.java:208)
at com.qa.bk.DesktopModule.PLPTest.Verify_Sort_Functionality(PLPTest.java:139)
at java.base/jdk.internal.reflect.NativeMethodAccessorImpl.invoke0(Native Method)
at java.base/jdk.internal.reflect.NativeMethodAccessorImpl.invoke(NativeMethodAccessorImpl.java:77)
at java.base/jdk.internal.reflect.DelegatingMethodAccessorImpl.invoke(DelegatingMethodAccessorImpl.java:43)
at java.base/java.lang.reflect.Method.invoke(Method.java:568)
at org.testng.internal.MethodInvocationHelper.invokeMethod(MethodInvocationHelper.java:133)
at org.testng.internal.TestInvoker.invokeMethod(TestInvoker.java:598)
at org.testng.internal.TestInvoker.invokeTestMethod(TestInvoker.java:173)
at org.testng.internal.MethodRunner.runInSequence(MethodRunner.java:46)
at org.testng.internal.TestInvoker$MethodInvocationAgent.invoke(TestInvoker.java:824)
at org.testng.internal.TestInvoker.invokeTestMethods(TestInvoker.java:146)
at org.testng.internal.TestMethodWorker.invokeTestMethods(TestMethodWorker.java:146)
at org.testng.internal.TestMethodWorker.run(TestMethodWorker.java:128)
at java.base/java.util.ArrayList.forEach(ArrayList.java:1511)
at org.testng.TestRunner.privateRun(TestRunner.java:794)
at org.testng.TestRunner.run(TestRunner.java:596)
at org.testng.SuiteRunner.runTest(SuiteRunner.java:377)
at org.testng.SuiteRunner.runSequentially(SuiteRunner.java:371)
at org.testng.SuiteRunner.privateRun(SuiteRunner.java:332)
at org.testng.SuiteRunner.run(SuiteRunner.java:276)
at org.testng.SuiteRunnerWorker.runSuite(SuiteRunnerWorker.java:53)
at org.testng.SuiteRunnerWorker.run(SuiteRunnerWorker.java:96)
at org.testng.TestNG.runSuitesSequentially(TestNG.java:1212)
at org.testng.TestNG.runSuitesLocally(TestNG.java:1134)
at org.testng.TestNG.runSuites(TestNG.java:1063)
at org.testng.TestNG.run(TestNG.java:1031)
at org.testng.remote.AbstractRemoteTestNG.run(AbstractRemoteTestNG.java:115)
at org.testng.remote.RemoteTestNG.initAndRun(RemoteTestNG.java:293)
at org.testng.remote.RemoteTestNG.main(RemoteTestNG.java:91)
]]>
            </full-stacktrace>
          </exception> <!-- org.openqa.selenium.StaleElementReferenceException -->
          <reporter-output>
          </reporter-output>
        </test-method> <!-- Verify_Sort_Functionality -->
        <test-method is-config="true" signature="am()[pri:0, instance:com.qa.bk.DesktopModule.PLPTest@738dc9b]" started-at="2025-01-21T12:49:47 IST" name="am" finished-at="2025-01-21T12:49:48 IST" duration-ms="560" status="PASS">
          <reporter-output>
          </reporter-output>
        </test-method> <!-- am -->
        <test-method signature="Verify_Sort_Functionality()[pri:0, instance:com.qa.bk.DesktopModule.PLPTest@738dc9b]" started-at="2025-01-21T12:49:48 IST" name="Verify_Sort_Functionality" finished-at="2025-01-21T12:50:06 IST" duration-ms="18021" status="PASS">
          <reporter-output>
          </reporter-output>
        </test-method> <!-- Verify_Sort_Functionality -->
        <test-method is-config="true" signature="am()[pri:0, instance:com.qa.bk.DesktopModule.PLPTest@738dc9b]" started-at="2025-01-21T12:50:06 IST" name="am" finished-at="2025-01-21T12:50:06 IST" duration-ms="622" status="PASS">
          <reporter-output>
          </reporter-output>
        </test-method> <!-- am -->
        <test-method retried="true" signature="Verify_search_functionality()[pri:0, instance:com.qa.bk.DesktopModule.PLPTest@738dc9b]" started-at="2025-01-21T12:50:06 IST" name="Verify_search_functionality" finished-at="2025-01-21T12:50:12 IST" duration-ms="5573" status="SKIP">
          <exception class="java.lang.IndexOutOfBoundsException">
            <message>
              <![CDATA[Index 1 out of bounds for length 0]]>
            </message>
            <full-stacktrace>
              <![CDATA[java.lang.IndexOutOfBoundsException: Index 1 out of bounds for length 0
at java.base/jdk.internal.util.Preconditions.outOfBounds(Preconditions.java:64)
at java.base/jdk.internal.util.Preconditions.outOfBoundsCheckIndex(Preconditions.java:70)
at java.base/jdk.internal.util.Preconditions.checkIndex(Preconditions.java:266)
at java.base/java.util.Objects.checkIndex(Objects.java:359)
at java.base/java.util.ArrayList.get(ArrayList.java:427)
at java.base/jdk.internal.reflect.GeneratedMethodAccessor4.invoke(Unknown Source)
at java.base/jdk.internal.reflect.DelegatingMethodAccessorImpl.invoke(DelegatingMethodAccessorImpl.java:43)
at java.base/java.lang.reflect.Method.invoke(Method.java:568)
at org.openqa.selenium.support.pagefactory.internal.LocatingElementListHandler.invoke(LocatingElementListHandler.java:40)
at jdk.proxy2/jdk.proxy2.$Proxy19.get(Unknown Source)
at com.qa.bk.DesktopModule.PLPTest.Verify_search_functionality(PLPTest.java:268)
at java.base/jdk.internal.reflect.NativeMethodAccessorImpl.invoke0(Native Method)
at java.base/jdk.internal.reflect.NativeMethodAccessorImpl.invoke(NativeMethodAccessorImpl.java:77)
at java.base/jdk.internal.reflect.DelegatingMethodAccessorImpl.invoke(DelegatingMethodAccessorImpl.java:43)
at java.base/java.lang.reflect.Method.invoke(Method.java:568)
at org.testng.internal.MethodInvocationHelper.invokeMethod(MethodInvocationHelper.java:133)
at org.testng.internal.TestInvoker.invokeMethod(TestInvoker.java:598)
at org.testng.internal.TestInvoker.invokeTestMethod(TestInvoker.java:173)
at org.testng.internal.MethodRunner.runInSequence(MethodRunner.java:46)
at org.testng.internal.TestInvoker$MethodInvocationAgent.invoke(TestInvoker.java:824)
at org.testng.internal.TestInvoker.invokeTestMethods(TestInvoker.java:146)
at org.testng.internal.TestMethodWorker.invokeTestMethods(TestMethodWorker.java:146)
at org.testng.internal.TestMethodWorker.run(TestMethodWorker.java:128)
at java.base/java.util.ArrayList.forEach(ArrayList.java:1511)
at org.testng.TestRunner.privateRun(TestRunner.java:794)
at org.testng.TestRunner.run(TestRunner.java:596)
at org.testng.SuiteRunner.runTest(SuiteRunner.java:377)
at org.testng.SuiteRunner.runSequentially(SuiteRunner.java:371)
at org.testng.SuiteRunner.privateRun(SuiteRunner.java:332)
at org.testng.SuiteRunner.run(SuiteRunner.java:276)
at org.testng.SuiteRunnerWorker.runSuite(SuiteRunnerWorker.java:53)
at org.testng.SuiteRunnerWorker.run(SuiteRunnerWorker.java:96)
at org.testng.TestNG.runSuitesSequentially(TestNG.java:1212)
at org.testng.TestNG.runSuitesLocally(TestNG.java:1134)
at org.testng.TestNG.runSuites(TestNG.java:1063)
at org.testng.TestNG.run(TestNG.java:1031)
at org.testng.remote.AbstractRemoteTestNG.run(AbstractRemoteTestNG.java:115)
at org.testng.remote.RemoteTestNG.initAndRun(RemoteTestNG.java:293)
at org.testng.remote.RemoteTestNG.main(RemoteTestNG.java:91)
]]>
            </full-stacktrace>
          </exception> <!-- java.lang.IndexOutOfBoundsException -->
          <reporter-output>
          </reporter-output>
        </test-method> <!-- Verify_search_functionality -->
        <test-method is-config="true" signature="am()[pri:0, instance:com.qa.bk.DesktopModule.PLPTest@738dc9b]" started-at="2025-01-21T12:50:12 IST" name="am" finished-at="2025-01-21T12:50:13 IST" duration-ms="1160" status="PASS">
          <reporter-output>
          </reporter-output>
        </test-method> <!-- am -->
        <test-method retried="true" signature="Verify_search_functionality()[pri:0, instance:com.qa.bk.DesktopModule.PLPTest@738dc9b]" started-at="2025-01-21T12:50:13 IST" name="Verify_search_functionality" finished-at="2025-01-21T12:50:19 IST" duration-ms="5684" status="SKIP">
          <exception class="java.lang.IndexOutOfBoundsException">
            <message>
              <![CDATA[Index 1 out of bounds for length 1]]>
            </message>
            <full-stacktrace>
              <![CDATA[java.lang.IndexOutOfBoundsException: Index 1 out of bounds for length 1
at java.base/jdk.internal.util.Preconditions.outOfBounds(Preconditions.java:64)
at java.base/jdk.internal.util.Preconditions.outOfBoundsCheckIndex(Preconditions.java:70)
at java.base/jdk.internal.util.Preconditions.checkIndex(Preconditions.java:266)
at java.base/java.util.Objects.checkIndex(Objects.java:359)
at java.base/java.util.ArrayList.get(ArrayList.java:427)
at java.base/jdk.internal.reflect.GeneratedMethodAccessor4.invoke(Unknown Source)
at java.base/jdk.internal.reflect.DelegatingMethodAccessorImpl.invoke(DelegatingMethodAccessorImpl.java:43)
at java.base/java.lang.reflect.Method.invoke(Method.java:568)
at org.openqa.selenium.support.pagefactory.internal.LocatingElementListHandler.invoke(LocatingElementListHandler.java:40)
at jdk.proxy2/jdk.proxy2.$Proxy19.get(Unknown Source)
at com.qa.bk.DesktopModule.PLPTest.Verify_search_functionality(PLPTest.java:268)
at java.base/jdk.internal.reflect.NativeMethodAccessorImpl.invoke0(Native Method)
at java.base/jdk.internal.reflect.NativeMethodAccessorImpl.invoke(NativeMethodAccessorImpl.java:77)
at java.base/jdk.internal.reflect.DelegatingMethodAccessorImpl.invoke(DelegatingMethodAccessorImpl.java:43)
at java.base/java.lang.reflect.Method.invoke(Method.java:568)
at org.testng.internal.MethodInvocationHelper.invokeMethod(MethodInvocationHelper.java:133)
at org.testng.internal.TestInvoker.invokeMethod(TestInvoker.java:598)
at org.testng.internal.TestInvoker.retryFailed(TestInvoker.java:213)
at org.testng.internal.MethodRunner.runInSequence(MethodRunner.java:58)
at org.testng.internal.TestInvoker$MethodInvocationAgent.invoke(TestInvoker.java:824)
at org.testng.internal.TestInvoker.invokeTestMethods(TestInvoker.java:146)
at org.testng.internal.TestMethodWorker.invokeTestMethods(TestMethodWorker.java:146)
at org.testng.internal.TestMethodWorker.run(TestMethodWorker.java:128)
at java.base/java.util.ArrayList.forEach(ArrayList.java:1511)
at org.testng.TestRunner.privateRun(TestRunner.java:794)
at org.testng.TestRunner.run(TestRunner.java:596)
at org.testng.SuiteRunner.runTest(SuiteRunner.java:377)
at org.testng.SuiteRunner.runSequentially(SuiteRunner.java:371)
at org.testng.SuiteRunner.privateRun(SuiteRunner.java:332)
at org.testng.SuiteRunner.run(SuiteRunner.java:276)
at org.testng.SuiteRunnerWorker.runSuite(SuiteRunnerWorker.java:53)
at org.testng.SuiteRunnerWorker.run(SuiteRunnerWorker.java:96)
at org.testng.TestNG.runSuitesSequentially(TestNG.java:1212)
at org.testng.TestNG.runSuitesLocally(TestNG.java:1134)
at org.testng.TestNG.runSuites(TestNG.java:1063)
at org.testng.TestNG.run(TestNG.java:1031)
at org.testng.remote.AbstractRemoteTestNG.run(AbstractRemoteTestNG.java:115)
at org.testng.remote.RemoteTestNG.initAndRun(RemoteTestNG.java:293)
at org.testng.remote.RemoteTestNG.main(RemoteTestNG.java:91)
]]>
            </full-stacktrace>
          </exception> <!-- java.lang.IndexOutOfBoundsException -->
          <reporter-output>
          </reporter-output>
        </test-method> <!-- Verify_search_functionality -->
        <test-method is-config="true" signature="am()[pri:0, instance:com.qa.bk.DesktopModule.PLPTest@738dc9b]" started-at="2025-01-21T12:50:19 IST" name="am" finished-at="2025-01-21T12:50:20 IST" duration-ms="868" status="PASS">
          <reporter-output>
          </reporter-output>
        </test-method> <!-- am -->
        <test-method signature="Verify_search_functionality()[pri:0, instance:com.qa.bk.DesktopModule.PLPTest@738dc9b]" started-at="2025-01-21T12:50:20 IST" name="Verify_search_functionality" finished-at="2025-01-21T12:51:20 IST" duration-ms="60089" status="PASS">
          <reporter-output>
          </reporter-output>
        </test-method> <!-- Verify_search_functionality -->
        <test-method is-config="true" signature="am()[pri:0, instance:com.qa.bk.DesktopModule.PLPTest@738dc9b]" started-at="2025-01-21T12:51:20 IST" name="am" finished-at="2025-01-21T12:51:20 IST" duration-ms="641" status="PASS">
          <reporter-output>
          </reporter-output>
        </test-method> <!-- am -->
        <test-method is-config="true" signature="ac()[pri:0, instance:com.qa.bk.DesktopModule.PLPTest@738dc9b]" started-at="2025-01-21T12:51:20 IST" name="ac" finished-at="2025-01-21T12:51:21 IST" duration-ms="622" status="PASS">
          <reporter-output>
          </reporter-output>
        </test-method> <!-- ac -->
      </class> <!-- com.qa.bk.DesktopModule.PLPTest -->
    </test> <!-- Test -->
  </suite> <!-- Suite -->
</testng-results>
