<?xml version="1.0" encoding="UTF-8"?>
<!-- Generated by org.testng.reporters.JUnitXMLReporter -->
<testsuite ignored="0" hostname="TYSS-Praveen" failures="0" tests="1" name="Desktop Chrome" time="0.026" errors="0" timestamp="2024-12-17T15:57:42 IST">
  <testcase classname="com.qa.bk.genericUtility.BaseClass" name="@BeforeSuite startserver" time="-1.734431262545E9">
    <failure type="org.testng.TestNGException" message="
Method startserver requires 1 parameters but 2 were supplied in the BeforeSuite annotation.">
      <![CDATA[org.testng.TestNGException: 
Method startserver requires 1 parameters but 2 were supplied in the BeforeSuite annotation.
... Removed 16 stack frames]]>
    </failure>
  </testcase> <!-- @BeforeSuite startserver -->
  <testcase classname="com.qa.bk.genericUtility.BaseClass" name="@BeforeClass setUp" time="-1.734431262565E9">
    <skipped/>
  </testcase> <!-- @BeforeClass setUp -->
  <testcase classname="com.qa.bk.genericUtility.BaseClass" name="@AfterClass tearDown" time="-1.734431262579E9">
    <skipped/>
  </testcase> <!-- @AfterClass tearDown -->
  <testcase classname="com.qa.bk.PLPmodule.PLPTest" name="text" time="0.0">
    <skipped/>
  </testcase> <!-- text -->
</testsuite> <!-- Desktop Chrome -->
